# JRE version: Java(TM) SE Runtime Environment (18.0.1.1+2) (build 18.0.1.1+2-6)
# Java VM: Java HotSpot(TM) 64-Bit Server VM (18.0.1.1+2-6, mixed mode, sharing, tiered, compressed class ptrs, g1 gc, windows-amd64)
GC Precious Log:
 CardTable entry size: 512
 Card Set container configuration: InlinePtr #cards 3 size 8 Array Of Cards #cards 256 size 528 Howl #buckets 8 coarsen threshold 58982 Howl Bitmap #cards 8192 size 1040 coarsen threshold 7372 Card regions per heap region 1 cards per card region 65536
 CPUs: 24 total, 24 available
 Memory: 255G
 Large Page Support: Disabled
 NUMA Support: Disabled
 Compressed Oops: Disabled
 Heap Region Size: 32M
 Heap Min Capacity: 32M
 Heap Initial Capacity: 2G
 Heap Max Capacity: 220G
 Pre-touch: Disabled
 Parallel Workers: 18
 Concurrent Workers: 5
 Concurrent Refinement Workers: 18
 Periodic GC: Disabled
Heap:
 garbage-first heap   total 10911744K, used 2131238K [0x000001b280000000, 0x000001e980000000)
  region size 32768K, 2 young (65536K), 2 survivors (65536K)
 Metaspace       used 7877K, committed 8128K, reserved 1114112K
  class space    used 713K, committed 832K, reserved 1048576K
GC Heap History (20 events):
Event: 1.342 GC heap after
{Heap after GC invocations=23 (full 13):
 garbage-first heap   total 1212416K, used 242375K [0x000001b280000000, 0x000001e980000000)
  region size 32768K, 1 young (32768K), 1 survivors (32768K)
 Metaspace       used 7877K, committed 8128K, reserved 1114112K
  class space    used 713K, committed 832K, reserved 1048576K
}
Event: 1.412 GC heap before
{Heap before GC invocations=23 (full 13):
 garbage-first heap   total 1212416K, used 340679K [0x000001b280000000, 0x000001e980000000)
  region size 32768K, 4 young (131072K), 1 survivors (32768K)
 Metaspace       used 7877K, committed 8128K, reserved 1114112K
  class space    used 713K, committed 832K, reserved 1048576K
}
Event: 1.449 GC heap after
{Heap after GC invocations=24 (full 13):
 garbage-first heap   total 1212416K, used 300397K [0x000001b280000000, 0x000001e980000000)
  region size 32768K, 1 young (32768K), 1 survivors (32768K)
 Metaspace       used 7877K, committed 8128K, reserved 1114112K
  class space    used 713K, committed 832K, reserved 1048576K
}
Event: 1.592 GC heap before
{Heap before GC invocations=24 (full 13):
 garbage-first heap   total 1212416K, used 464237K [0x000001b280000000, 0x000001e980000000)
  region size 32768K, 5 young (163840K), 1 survivors (32768K)
 Metaspace       used 7877K, committed 8128K, reserved 1114112K
  class space    used 713K, committed 832K, reserved 1048576K
}
Event: 1.676 GC heap after
{Heap after GC invocations=25 (full 13):
 garbage-first heap   total 3637248K, used 409593K [0x000001b280000000, 0x000001e980000000)
  region size 32768K, 1 young (32768K), 1 survivors (32768K)
 Metaspace       used 7877K, committed 8128K, reserved 1114112K
  class space    used 713K, committed 832K, reserved 1048576K
}
Event: 1.800 GC heap before
{Heap before GC invocations=25 (full 13):
 garbage-first heap   total 3637248K, used 540665K [0x000001b280000000, 0x000001e980000000)
  region size 32768K, 5 young (163840K), 1 survivors (32768K)
 Metaspace       used 7877K, committed 8128K, reserved 1114112K
  class space    used 713K, committed 832K, reserved 1048576K
}
Event: 1.854 GC heap after
{Heap after GC invocations=26 (full 13):
 garbage-first heap   total 3637248K, used 486928K [0x000001b280000000, 0x000001e980000000)
  region size 32768K, 1 young (32768K), 1 survivors (32768K)
 Metaspace       used 7877K, committed 8128K, reserved 1114112K
  class space    used 713K, committed 832K, reserved 1048576K
}
Event: 1.973 GC heap before
{Heap before GC invocations=26 (full 13):
 garbage-first heap   total 3637248K, used 618000K [0x000001b280000000, 0x000001e980000000)
  region size 32768K, 6 young (196608K), 1 survivors (32768K)
 Metaspace       used 7877K, committed 8128K, reserved 1114112K
  class space    used 713K, committed 832K, reserved 1048576K
}
Event: 2.041 GC heap after
{Heap after GC invocations=27 (full 13):
 garbage-first heap   total 3637248K, used 586082K [0x000001b280000000, 0x000001e980000000)
  region size 32768K, 1 young (32768K), 1 survivors (32768K)
 Metaspace       used 7877K, committed 8128K, reserved 1114112K
  class space    used 713K, committed 832K, reserved 1048576K
}
Event: 2.275 GC heap before
{Heap before GC invocations=27 (full 13):
 garbage-first heap   total 3637248K, used 880994K [0x000001b280000000, 0x000001e980000000)
  region size 32768K, 8 young (262144K), 1 survivors (32768K)
 Metaspace       used 7877K, committed 8128K, reserved 1114112K
  class space    used 713K, committed 832K, reserved 1048576K
}
Event: 2.391 GC heap after
{Heap after GC invocations=28 (full 13):
 garbage-first heap   total 3637248K, used 785963K [0x000001b280000000, 0x000001e980000000)
  region size 32768K, 1 young (32768K), 1 survivors (32768K)
 Metaspace       used 7877K, committed 8128K, reserved 1114112K
  class space    used 713K, committed 832K, reserved 1048576K
}
Event: 2.571 GC heap before
{Heap before GC invocations=28 (full 13):
 garbage-first heap   total 3637248K, used 1015339K [0x000001b280000000, 0x000001e980000000)
  region size 32768K, 8 young (262144K), 1 survivors (32768K)
 Metaspace       used 7877K, committed 8128K, reserved 1114112K
  class space    used 713K, committed 832K, reserved 1048576K
}
Event: 2.706 GC heap after
{Heap after GC invocations=29 (full 13):
 garbage-first heap   total 10911744K, used 923581K [0x000001b280000000, 0x000001e980000000)
  region size 32768K, 1 young (32768K), 1 survivors (32768K)
 Metaspace       used 7877K, committed 8128K, reserved 1114112K
  class space    used 713K, committed 832K, reserved 1048576K
}
Event: 3.417 GC heap before
{Heap before GC invocations=29 (full 13):
 garbage-first heap   total 10911744K, used 1513405K [0x000001b280000000, 0x000001e980000000)
  region size 32768K, 16 young (524288K), 1 survivors (32768K)
 Metaspace       used 7877K, committed 8128K, reserved 1114112K
  class space    used 713K, committed 832K, reserved 1048576K
}
Event: 3.627 GC heap after
{Heap after GC invocations=30 (full 13):
 garbage-first heap   total 10911744K, used 1309086K [0x000001b280000000, 0x000001e980000000)
  region size 32768K, 2 young (65536K), 2 survivors (65536K)
 Metaspace       used 7877K, committed 8128K, reserved 1114112K
  class space    used 713K, committed 832K, reserved 1048576K
}
Event: 3.994 GC heap before
{Heap before GC invocations=30 (full 13):
 garbage-first heap   total 10911744K, used 1767838K [0x000001b280000000, 0x000001e980000000)
  region size 32768K, 16 young (524288K), 2 survivors (65536K)
 Metaspace       used 7877K, committed 8128K, reserved 1114112K
  class space    used 713K, committed 832K, reserved 1048576K
}
Event: 4.193 GC heap after
{Heap after GC invocations=31 (full 13):
 garbage-first heap   total 10911744K, used 1583977K [0x000001b280000000, 0x000001e980000000)
  region size 32768K, 2 young (65536K), 2 survivors (65536K)
 Metaspace       used 7877K, committed 8128K, reserved 1114112K
  class space    used 713K, committed 832K, reserved 1048576K
}
Event: 4.569 GC heap before
{Heap before GC invocations=31 (full 13):
 garbage-first heap   total 10911744K, used 2042729K [0x000001b280000000, 0x000001e980000000)
  region size 32768K, 16 young (524288K), 2 survivors (65536K)
 Metaspace       used 7877K, committed 8128K, reserved 1114112K
  class space    used 713K, committed 832K, reserved 1048576K
}
Event: 4.780 GC heap after
{Heap after GC invocations=32 (full 13):
 garbage-first heap   total 10911744K, used 1849643K [0x000001b280000000, 0x000001e980000000)
  region size 32768K, 2 young (65536K), 2 survivors (65536K)
 Metaspace       used 7877K, committed 8128K, reserved 1114112K
  class space    used 713K, committed 832K, reserved 1048576K
}
Event: 5.187 GC heap before
{Heap before GC invocations=32 (full 13):
 garbage-first heap   total 10911744K, used 2275627K [0x000001b280000000, 0x000001e980000000)
  region size 32768K, 16 young (524288K), 2 survivors (65536K)
 Metaspace       used 7877K, committed 8128K, reserved 1114112K
  class space    used 713K, committed 832K, reserved 1048576K
}

