# JRE version: Java(TM) SE Runtime Environment (18.0.1.1+2) (build 18.0.1.1+2-6)
# Java VM: Java HotSpot(TM) 64-Bit Server VM (18.0.1.1+2-6, mixed mode, sharing, tiered, compressed class ptrs, g1 gc, windows-amd64)
GC Precious Log:
 CardTable entry size: 512
 Card Set container configuration: InlinePtr #cards 3 size 8 Array Of Cards #cards 256 size 528 Howl #buckets 8 coarsen threshold 58982 Howl Bitmap #cards 8192 size 1040 coarsen threshold 7372 Card regions per heap region 1 cards per card region 65536
 CPUs: 24 total, 24 available
 Memory: 255G
 Large Page Support: Disabled
 NUMA Support: Disabled
 Compressed Oops: Disabled
 Heap Region Size: 32M
 Heap Min Capacity: 32M
 Heap Initial Capacity: 2G
 Heap Max Capacity: 220G
 Pre-touch: Disabled
 Parallel Workers: 18
 Concurrent Workers: 5
 Concurrent Refinement Workers: 18
 Periodic GC: Disabled
Heap:
 garbage-first heap   total 10321920K, used 1716001K [0x000001fb9e000000, 0x000002329e000000)
  region size 32768K, 2 young (65536K), 2 survivors (65536K)
 Metaspace       used 7906K, committed 8192K, reserved 1114112K
  class space    used 715K, committed 832K, reserved 1048576K
GC Heap History (20 events):
Event: 0.968 GC heap after
{Heap after GC invocations=21 (full 15):
 garbage-first heap   total 1146880K, used 130166K [0x000001fb9e000000, 0x000002329e000000)
  region size 32768K, 1 young (32768K), 1 survivors (32768K)
 Metaspace       used 7895K, committed 8192K, reserved 1114112K
  class space    used 714K, committed 832K, reserved 1048576K
}
Event: 0.990 GC heap before
{Heap before GC invocations=21 (full 15):
 garbage-first heap   total 1146880K, used 162934K [0x000001fb9e000000, 0x000002329e000000)
  region size 32768K, 2 young (65536K), 1 survivors (32768K)
 Metaspace       used 7895K, committed 8192K, reserved 1114112K
  class space    used 714K, committed 832K, reserved 1048576K
}
Event: 1.012 GC heap after
{Heap after GC invocations=22 (full 15):
 garbage-first heap   total 1146880K, used 149956K [0x000001fb9e000000, 0x000002329e000000)
  region size 32768K, 1 young (32768K), 1 survivors (32768K)
 Metaspace       used 7895K, committed 8192K, reserved 1114112K
  class space    used 714K, committed 832K, reserved 1048576K
}
Event: 1.096 GC heap before
{Heap before GC invocations=22 (full 15):
 garbage-first heap   total 1146880K, used 215492K [0x000001fb9e000000, 0x000002329e000000)
  region size 32768K, 3 young (98304K), 1 survivors (32768K)
 Metaspace       used 7895K, committed 8192K, reserved 1114112K
  class space    used 714K, committed 832K, reserved 1048576K
}
Event: 1.132 GC heap after
{Heap after GC invocations=23 (full 15):
 garbage-first heap   total 3440640K, used 190045K [0x000001fb9e000000, 0x000002329e000000)
  region size 32768K, 1 young (32768K), 1 survivors (32768K)
 Metaspace       used 7895K, committed 8192K, reserved 1114112K
  class space    used 714K, committed 832K, reserved 1048576K
}
Event: 1.247 GC heap before
{Heap before GC invocations=23 (full 15):
 garbage-first heap   total 3440640K, used 321117K [0x000001fb9e000000, 0x000002329e000000)
  region size 32768K, 5 young (163840K), 1 survivors (32768K)
 Metaspace       used 7906K, committed 8192K, reserved 1114112K
  class space    used 715K, committed 832K, reserved 1048576K
}
Event: 1.294 GC heap after
{Heap after GC invocations=24 (full 15):
 garbage-first heap   total 3440640K, used 264209K [0x000001fb9e000000, 0x000002329e000000)
  region size 32768K, 1 young (32768K), 1 survivors (32768K)
 Metaspace       used 7906K, committed 8192K, reserved 1114112K
  class space    used 715K, committed 832K, reserved 1048576K
}
Event: 1.420 GC heap before
{Heap before GC invocations=24 (full 15):
 garbage-first heap   total 3440640K, used 428049K [0x000001fb9e000000, 0x000002329e000000)
  region size 32768K, 5 young (163840K), 1 survivors (32768K)
 Metaspace       used 7906K, committed 8192K, reserved 1114112K
  class space    used 715K, committed 832K, reserved 1048576K
}
Event: 1.471 GC heap after
{Heap after GC invocations=25 (full 15):
 garbage-first heap   total 3440640K, used 375213K [0x000001fb9e000000, 0x000002329e000000)
  region size 32768K, 1 young (32768K), 1 survivors (32768K)
 Metaspace       used 7906K, committed 8192K, reserved 1114112K
  class space    used 715K, committed 832K, reserved 1048576K
}
Event: 1.554 GC heap before
{Heap before GC invocations=25 (full 15):
 garbage-first heap   total 3440640K, used 506285K [0x000001fb9e000000, 0x000002329e000000)
  region size 32768K, 5 young (163840K), 1 survivors (32768K)
 Metaspace       used 7906K, committed 8192K, reserved 1114112K
  class space    used 715K, committed 832K, reserved 1048576K
}
Event: 1.603 GC heap after
{Heap after GC invocations=26 (full 15):
 garbage-first heap   total 3440640K, used 452950K [0x000001fb9e000000, 0x000002329e000000)
  region size 32768K, 1 young (32768K), 1 survivors (32768K)
 Metaspace       used 7906K, committed 8192K, reserved 1114112K
  class space    used 715K, committed 832K, reserved 1048576K
}
Event: 1.685 GC heap before
{Heap before GC invocations=26 (full 15):
 garbage-first heap   total 3440640K, used 584022K [0x000001fb9e000000, 0x000002329e000000)
  region size 32768K, 5 young (163840K), 1 survivors (32768K)
 Metaspace       used 7906K, committed 8192K, reserved 1114112K
  class space    used 715K, committed 832K, reserved 1048576K
}
Event: 1.746 GC heap after
{Heap after GC invocations=27 (full 15):
 garbage-first heap   total 10321920K, used 530876K [0x000001fb9e000000, 0x000002329e000000)
  region size 32768K, 1 young (32768K), 1 survivors (32768K)
 Metaspace       used 7906K, committed 8192K, reserved 1114112K
  class space    used 715K, committed 832K, reserved 1048576K
}
Event: 2.298 GC heap before
{Heap before GC invocations=27 (full 15):
 garbage-first heap   total 10321920K, used 1022396K [0x000001fb9e000000, 0x000002329e000000)
  region size 32768K, 15 young (491520K), 1 survivors (32768K)
 Metaspace       used 7906K, committed 8192K, reserved 1114112K
  class space    used 715K, committed 832K, reserved 1048576K
}
Event: 2.482 GC heap after
{Heap after GC invocations=28 (full 15):
 garbage-first heap   total 10321920K, used 856520K [0x000001fb9e000000, 0x000002329e000000)
  region size 32768K, 2 young (65536K), 2 survivors (65536K)
 Metaspace       used 7906K, committed 8192K, reserved 1114112K
  class space    used 715K, committed 832K, reserved 1048576K
}
Event: 2.773 GC heap before
{Heap before GC invocations=28 (full 15):
 garbage-first heap   total 10321920K, used 1282504K [0x000001fb9e000000, 0x000002329e000000)
  region size 32768K, 15 young (491520K), 2 survivors (65536K)
 Metaspace       used 7906K, committed 8192K, reserved 1114112K
  class space    used 715K, committed 832K, reserved 1048576K
}
Event: 2.930 GC heap after
{Heap after GC invocations=29 (full 15):
 garbage-first heap   total 10321920K, used 1100032K [0x000001fb9e000000, 0x000002329e000000)
  region size 32768K, 2 young (65536K), 2 survivors (65536K)
 Metaspace       used 7906K, committed 8192K, reserved 1114112K
  class space    used 715K, committed 832K, reserved 1048576K
}
Event: 3.402 GC heap before
{Heap before GC invocations=29 (full 15):
 garbage-first heap   total 10321920K, used 1624320K [0x000001fb9e000000, 0x000002329e000000)
  region size 32768K, 15 young (491520K), 2 survivors (65536K)
 Metaspace       used 7906K, committed 8192K, reserved 1114112K
  class space    used 715K, committed 832K, reserved 1048576K
}
Event: 3.565 GC heap after
{Heap after GC invocations=30 (full 15):
 garbage-first heap   total 10321920K, used 1455092K [0x000001fb9e000000, 0x000002329e000000)
  region size 32768K, 2 young (65536K), 2 survivors (65536K)
 Metaspace       used 7906K, committed 8192K, reserved 1114112K
  class space    used 715K, committed 832K, reserved 1048576K
}
Event: 3.856 GC heap before
{Heap before GC invocations=30 (full 15):
 garbage-first heap   total 10321920K, used 1881076K [0x000001fb9e000000, 0x000002329e000000)
  region size 32768K, 15 young (491520K), 2 survivors (65536K)
 Metaspace       used 7906K, committed 8192K, reserved 1114112K
  class space    used 715K, committed 832K, reserved 1048576K
}

